2022-02-10T00:37:06+00:00 CRITICAL Out of memory (allocated 13107200) (tried to allocate 282624 bytes) in /opt/lampp/htdocs/lotje-mcdonald-photography/wp-content/plugins/social-icons-widget-by-wpzoom/block/src/init.php on line 66

2022-02-10T01:52:39+00:00 CRITICAL Out of memory (allocated 80740352) (tried to allocate 32768 bytes) in /opt/lampp/htdocs/lotje-mcdonald-photography/wp-admin/includes/user.php on line 111

2022-02-10T01:53:20+00:00 CRITICAL Out of memory (allocated 69730304) (tried to allocate 32768 bytes) in /opt/lampp/htdocs/lotje-mcdonald-photography/wp-content/plugins/woocommerce/includes/admin/settings/class-wc-settings-emails.php on line 346

2022-02-10T01:53:20+00:00 CRITICAL Out of memory (allocated 31981568) (tried to allocate 32768 bytes) in /opt/lampp/htdocs/lotje-mcdonald-photography/wp-content/plugins/woocommerce/includes/admin/settings/class-wc-settings-emails.php on line 346

2022-02-10T02:00:19+00:00 CRITICAL Out of memory (allocated 32505856) (tried to allocate 32768 bytes) in /opt/lampp/htdocs/lotje-mcdonald-photography/wp-admin/includes/update.php on line 385

2022-02-10T02:05:35+00:00 CRITICAL Out of memory (allocated 47185920) (tried to allocate 98304 bytes) in /opt/lampp/htdocs/lotje-mcdonald-photography/wp-includes/class.wp-styles.php on line 212

2022-02-10T02:16:35+00:00 CRITICAL Out of memory (allocated 57671680) (tried to allocate 1970176 bytes) in /opt/lampp/htdocs/lotje-mcdonald-photography/wp-includes/class.wp-scripts.php on line 305

2022-02-10T02:32:16+00:00 CRITICAL Out of memory (allocated 63438848) (tried to allocate 28672 bytes) in /opt/lampp/htdocs/lotje-mcdonald-photography/wp-content/plugins/woocommerce/includes/wc-template-functions.php on line 2793

2022-02-10T02:32:41+00:00 CRITICAL Out of memory (allocated 34603008) (tried to allocate 126976 bytes) in /opt/lampp/htdocs/lotje-mcdonald-photography/wp-includes/functions.php on line 4195

2022-02-10T02:32:44+00:00 CRITICAL Out of memory (allocated 25690112) (tried to allocate 65536 bytes) in /opt/lampp/htdocs/lotje-mcdonald-photography/wp-content/plugins/woocommerce/includes/wc-template-functions.php on line 1028

2022-02-10T02:32:52+00:00 CRITICAL Out of memory (allocated 34078720) (tried to allocate 28672 bytes) in /opt/lampp/htdocs/lotje-mcdonald-photography/wp-content/plugins/woocommerce/includes/wc-template-functions.php on line 2793

2022-02-10T02:32:52+00:00 CRITICAL Out of memory (allocated 63438848) (tried to allocate 28672 bytes) in /opt/lampp/htdocs/lotje-mcdonald-photography/wp-content/plugins/woocommerce/includes/wc-template-functions.php on line 2793

2022-02-10T02:34:04+00:00 CRITICAL Out of memory (allocated 24117248) (tried to allocate 32768 bytes) in /opt/lampp/htdocs/lotje-mcdonald-photography/wp-content/plugins/wordpress-seo/lib/orm.php on line 1110

2022-02-10T02:34:28+00:00 CRITICAL Out of memory (allocated 63438848) (tried to allocate 28672 bytes) in /opt/lampp/htdocs/lotje-mcdonald-photography/wp-content/plugins/woocommerce/includes/wc-template-functions.php on line 2793

2022-02-10T02:43:36+00:00 CRITICAL Out of memory (allocated 27787264) (tried to allocate 65536 bytes) in /opt/lampp/htdocs/lotje-mcdonald-photography/wp-content/plugins/wordpress-seo/src/integrations/admin/installation-success-integration.php on line 140

2022-02-10T02:44:18+00:00 CRITICAL Out of memory (allocated 7340032) (tried to allocate 32768 bytes) in /opt/lampp/htdocs/lotje-mcdonald-photography/wp-content/plugins/woocommerce/includes/rest-api/Controllers/Version2/class-wc-rest-products-v2-controller.php on line 689

2022-02-10T02:44:25+00:00 CRITICAL Out of memory (allocated 8912896) (tried to allocate 65536 bytes) in /opt/lampp/htdocs/lotje-mcdonald-photography/wp-content/plugins/wordpress-seo/src/integrations/admin/installation-success-integration.php on line 140

2022-02-10T02:44:25+00:00 CRITICAL Out of memory (allocated 17301504) (tried to allocate 65536 bytes) in /opt/lampp/htdocs/lotje-mcdonald-photography/wp-content/plugins/wordpress-seo/src/integrations/admin/installation-success-integration.php on line 140

2022-02-10T02:44:27+00:00 CRITICAL Out of memory (allocated 110100480) (tried to allocate 8192 bytes) in /opt/lampp/htdocs/lotje-mcdonald-photography/wp-includes/media.php on line 3669

2022-02-10T02:44:36+00:00 CRITICAL Out of memory (allocated 45088768) (tried to allocate 8192 bytes) in /opt/lampp/htdocs/lotje-mcdonald-photography/wp-includes/media.php on line 3669

2022-02-10T02:47:05+00:00 CRITICAL Out of memory (allocated 32505856) (tried to allocate 12288 bytes) in /opt/lampp/htdocs/lotje-mcdonald-photography/wp-includes/class-wp-image-editor-gd.php on line 111

2022-02-10T02:47:50+00:00 CRITICAL Out of memory (allocated 8912896) (tried to allocate 282624 bytes) in /opt/lampp/htdocs/lotje-mcdonald-photography/wp-content/plugins/social-icons-widget-by-wpzoom/block/src/init.php on line 66

2022-02-10T02:49:13+00:00 CRITICAL Out of memory (allocated 17825792) (tried to allocate 32768 bytes) in /opt/lampp/htdocs/lotje-mcdonald-photography/wp-content/plugins/woocommerce/packages/woocommerce-admin/src/API/Reports/Stock/Controller.php on line 1

2022-02-10T02:55:29+00:00 CRITICAL Out of memory (allocated 6815744) (tried to allocate 32768 bytes) in /opt/lampp/htdocs/lotje-mcdonald-photography/wp-content/plugins/wordpress-seo/src/integrations/watchers/indexable-ancestor-watcher.php on line 1

2022-02-10T02:55:29+00:00 CRITICAL Out of memory (allocated 8912896) (tried to allocate 32768 bytes) in /opt/lampp/htdocs/lotje-mcdonald-photography/wp-content/plugins/wordpress-seo/src/integrations/watchers/indexable-ancestor-watcher.php on line 1

2022-02-10T02:55:57+00:00 CRITICAL Out of memory (allocated 80740352) (tried to allocate 32768 bytes) in /opt/lampp/htdocs/lotje-mcdonald-photography/wp-content/plugins/woocommerce/packages/woocommerce-admin/src/API/Reports/Downloads/Stats/Controller.php on line 335

2022-02-10T02:56:00+00:00 CRITICAL Out of memory (allocated 15728640) (tried to allocate 32768 bytes) in /opt/lampp/htdocs/lotje-mcdonald-photography/wp-content/plugins/woocommerce/packages/woocommerce-admin/src/API/Reports/Downloads/Stats/Controller.php on line 335

2022-02-10T03:01:08+00:00 CRITICAL Out of memory (allocated 28311552) (tried to allocate 20480 bytes) in /opt/lampp/htdocs/lotje-mcdonald-photography/wp-includes/pomo/translations.php on line 100

2022-02-10T03:02:14+00:00 CRITICAL Out of memory (allocated 8912896) (tried to allocate 282624 bytes) in /opt/lampp/htdocs/lotje-mcdonald-photography/wp-content/plugins/social-icons-widget-by-wpzoom/block/src/init.php on line 66

2022-02-10T03:02:17+00:00 CRITICAL Out of memory (allocated 21495808) (tried to allocate 20480 bytes) in /opt/lampp/htdocs/lotje-mcdonald-photography/wp-content/plugins/social-icons-widget-by-wpzoom/includes/icons-data.php on line 11

